<?xml version="1.0" encoding="UTF-8"?>
<!-- Generated by org.testng.reporters.JUnitReportReporter -->
<testsuite hostname="ip-192-168-1-10.ec2.internal" failures="0" tests="2" name="Runner.TestRunner" time="14.762" errors="0" timestamp="2023-11-20T21:08:47 IST" skipped="0">
  <testcase classname="Runner.TestRunner" name="runScenario" time="13.537"/>
  <testcase classname="Runner.TestRunner" name="runScenario" time="1.225"/>
</testsuite> <!-- Runner.TestRunner -->
