<?xml version="1.0" encoding="UTF-8"?>
<!-- Generated by org.testng.reporters.JUnitReportReporter -->
<testsuite hostname="apples-mbp" failures="0" tests="1" name="LineFinancial.tests.LoginTest" time="11.332" errors="0" timestamp="2023-09-08T21:53:58 IST" skipped="0">
  <testcase classname="LineFinancial.tests.LoginTest" name="createSessionID" time="11.332"/>
</testsuite> <!-- LineFinancial.tests.LoginTest -->
